2025-06-14 23:14:50 [http-nio-8083-exec-1] INFO  o.a.c.c.C.[Tomcat].[localhost].[/] - Initializing Spring DispatcherServlet 'dispatcherServlet'
2025-06-14 23:14:50 [http-nio-8083-exec-1] INFO  o.s.web.servlet.DispatcherServlet - Initializing Servlet 'dispatcherServlet'
2025-06-14 23:14:50 [http-nio-8083-exec-1] DEBUG o.s.web.servlet.DispatcherServlet - Detected StandardServletMultipartResolver
2025-06-14 23:14:50 [http-nio-8083-exec-1] DEBUG o.s.web.servlet.DispatcherServlet - Detected AcceptHeaderLocaleResolver
2025-06-14 23:14:50 [http-nio-8083-exec-1] DEBUG o.s.web.servlet.DispatcherServlet - Detected FixedThemeResolver
2025-06-14 23:14:50 [http-nio-8083-exec-1] DEBUG o.s.web.servlet.DispatcherServlet - Detected org.springframework.web.servlet.view.DefaultRequestToViewNameTranslator@6d181e82
2025-06-14 23:14:50 [http-nio-8083-exec-1] DEBUG o.s.web.servlet.DispatcherServlet - Detected org.springframework.web.servlet.support.SessionFlashMapManager@30f73056
2025-06-14 23:14:50 [http-nio-8083-exec-1] DEBUG o.s.web.servlet.DispatcherServlet - enableLoggingRequestDetails='false': request parameters and headers will be masked to prevent unsafe logging of potentially sensitive data
2025-06-14 23:14:50 [http-nio-8083-exec-1] INFO  o.s.web.servlet.DispatcherServlet - Completed initialization in 8 ms
2025-06-14 23:14:50 [http-nio-8083-exec-1] DEBUG o.s.web.servlet.DispatcherServlet - POST "/departments", parameters={}
2025-06-14 23:14:50 [http-nio-8083-exec-1] DEBUG o.s.w.s.m.m.a.RequestMappingHandlerMapping - Mapped to com.ram.Springboot.tutorial.controller.DepartmentController#saveDepartment(Department)
2025-06-14 23:14:51 [http-nio-8083-exec-1] DEBUG o.s.w.s.m.m.a.RequestResponseBodyMethodProcessor - Read "application/json;charset=UTF-8" to [Department(departmentId=null, departmentName=IT, departmentAddress=PUNE, departmentCode=IT-1)]
2025-06-14 23:14:51 [http-nio-8083-exec-1] INFO  c.r.S.t.c.DepartmentController - inside save department method
2025-06-14 23:14:51 [http-nio-8083-exec-1] DEBUG org.hibernate.SQL - insert into department (department_address,department_code,department_name) values (?,?,?)
2025-06-14 23:14:51 [http-nio-8083-exec-1] DEBUG o.s.w.s.m.m.a.RequestResponseBodyMethodProcessor - Using 'application/json', given [*/*] and supported [application/json, application/*+json]
2025-06-14 23:14:51 [http-nio-8083-exec-1] DEBUG o.s.w.s.m.m.a.RequestResponseBodyMethodProcessor - Writing [Department(departmentId=12, departmentName=IT, departmentAddress=PUNE, departmentCode=IT-1)]
2025-06-14 23:14:51 [http-nio-8083-exec-1] DEBUG o.s.web.servlet.DispatcherServlet - Completed 200 OK
2025-06-14 23:24:01 [SpringApplicationShutdownHook] DEBUG o.s.b.a.ApplicationAvailabilityBean - Application availability state ReadinessState changed from ACCEPTING_TRAFFIC to REFUSING_TRAFFIC
2025-06-14 23:24:02 [SpringApplicationShutdownHook] DEBUG o.s.b.w.s.c.AnnotationConfigServletWebServerApplicationContext - Closing org.springframework.boot.web.servlet.context.AnnotationConfigServletWebServerApplicationContext@381b7b0e, started on Sat Jun 14 23:13:56 IST 2025
2025-06-14 23:24:02 [SpringApplicationShutdownHook] INFO  o.s.b.w.e.tomcat.GracefulShutdown - Commencing graceful shutdown. Waiting for active requests to complete
2025-06-14 23:24:02 [tomcat-shutdown] INFO  o.s.b.w.e.tomcat.GracefulShutdown - Graceful shutdown complete
2025-06-14 23:24:02 [SpringApplicationShutdownHook] INFO  o.s.o.j.LocalContainerEntityManagerFactoryBean - Closing JPA EntityManagerFactory for persistence unit 'default'
2025-06-14 23:24:02 [SpringApplicationShutdownHook] INFO  com.zaxxer.hikari.HikariDataSource - HikariPool-1 - Shutdown initiated...
2025-06-14 23:24:02 [SpringApplicationShutdownHook] INFO  com.zaxxer.hikari.HikariDataSource - HikariPool-1 - Shutdown completed.
